<?xml version="1.0" encoding="UTF-8"?>
<!-- Generated by org.testng.reporters.JUnitReportReporter -->
<testsuite skipped="0" hostname="LAPTOP-0H9ENQD4" name="com.orangehrmlive.XmlTest" tests="1" failures="0" timestamp="07 Dec 2020 13:23:42 GMT" time="16.342" errors="0">
  <testcase name="paratest" time="16.342" classname="com.orangehrmlive.XmlTest"/>
</testsuite> <!-- com.orangehrmlive.XmlTest -->
