<?xml version="1.0" encoding="UTF-8"?>
<!-- Generated by org.testng.reporters.JUnitReportReporter -->
<testsuite skipped="0" hostname="LAPTOP-0H9ENQD4" name="com.orangehrmlive.DataProviderTest" tests="2" failures="0" timestamp="07 Dec 2020 13:26:15 GMT" time="115.215" errors="0">
  <testcase name="f" time="22.469" classname="com.orangehrmlive.DataProviderTest"/>
  <testcase name="f" time="92.746" classname="com.orangehrmlive.DataProviderTest"/>
</testsuite> <!-- com.orangehrmlive.DataProviderTest -->
