<?xml version="1.0" encoding="UTF-8"?>
<!-- Generated by org.testng.reporters.JUnitReportReporter -->
<testsuite skipped="0" hostname="LAPTOP-0H9ENQD4" name="com.orangehrmlive.TestNGDemo" tests="2" failures="0" timestamp="07 Dec 2020 12:55:09 GMT" time="15.661" errors="0">
  <testcase name="adminTest" time="8.650" classname="com.orangehrmlive.TestNGDemo"/>
  <testcase name="leaveTest" time="7.011" classname="com.orangehrmlive.TestNGDemo"/>
</testsuite> <!-- com.orangehrmlive.TestNGDemo -->
