<?xml version="1.0" encoding="UTF-8"?>
<!-- Generated by org.testng.reporters.JUnitReportReporter -->
<testsuite skipped="0" hostname="LAPTOP-0H9ENQD4" name="com.orangehrmlive.XmlTest1" tests="1" failures="0" timestamp="07 Dec 2020 13:23:42 GMT" time="0.001" errors="0">
  <testcase name="f" time="0.001" classname="com.orangehrmlive.XmlTest1"/>
</testsuite> <!-- com.orangehrmlive.XmlTest1 -->
